[I 2025-10-19 20:44:30,514] A new study created in memory with name: phase8b_optimization
================================================================================
Phase 8B (Adaptive Beam Search) Hyperparameter Tuning
================================================================================

Optimizing on: Medium instance (100 agents)
Number of trials: 30
Timeout per trial: ~3-5 seconds
Total estimated time: ~2-3 minutes

  0%|          | 0/30 [00:00<?, ?it/s]                                        0%|          | 0/30 [00:03<?, ?it/s]Best trial: 0. Best value: 10000:   0%|          | 0/30 [00:03<?, ?it/s]Best trial: 0. Best value: 10000:   3%|▎         | 1/30 [00:03<01:43,  3.58s/it]                                                                                Best trial: 0. Best value: 10000:   3%|▎         | 1/30 [00:05<01:43,  3.58s/it]Best trial: 0. Best value: 10000:   3%|▎         | 1/30 [00:05<01:43,  3.58s/it]Best trial: 0. Best value: 10000:   7%|▋         | 2/30 [00:05<01:14,  2.67s/it]                                                                                Best trial: 0. Best value: 10000:   7%|▋         | 2/30 [00:09<01:14,  2.67s/it]Best trial: 0. Best value: 10000:   7%|▋         | 2/30 [00:09<01:14,  2.67s/it]Best trial: 0. Best value: 10000:  10%|█         | 3/30 [00:09<01:29,  3.32s/it]                                                                                Best trial: 0. Best value: 10000:  10%|█         | 3/30 [00:13<01:29,  3.32s/it]Best trial: 0. Best value: 10000:  10%|█         | 3/30 [00:13<01:29,  3.32s/it]Best trial: 0. Best value: 10000:  13%|█▎        | 4/30 [00:13<01:26,  3.32s/it]                                                                                Best trial: 0. Best value: 10000:  13%|█▎        | 4/30 [00:15<01:26,  3.32s/it]Best trial: 0. Best value: 10000:  13%|█▎        | 4/30 [00:15<01:26,  3.32s/it]Best trial: 0. Best value: 10000:  17%|█▋        | 5/30 [00:15<01:14,  2.98s/it]                                                                                Best trial: 0. Best value: 10000:  17%|█▋        | 5/30 [00:19<01:14,  2.98s/it]Best trial: 0. Best value: 10000:  17%|█▋        | 5/30 [00:19<01:14,  2.98s/it]Best trial: 0. Best value: 10000:  20%|██        | 6/30 [00:19<01:16,  3.20s/it]                                                                                Best trial: 0. Best value: 10000:  20%|██        | 6/30 [00:22<01:16,  3.20s/it]Best trial: 0. Best value: 10000:  20%|██        | 6/30 [00:22<01:16,  3.20s/it]Best trial: 0. Best value: 10000:  23%|██▎       | 7/30 [00:22<01:12,  3.14s/it]                                                                                Best trial: 0. Best value: 10000:  23%|██▎       | 7/30 [00:25<01:12,  3.14s/it]Best trial: 0. Best value: 10000:  23%|██▎       | 7/30 [00:25<01:12,  3.14s/it]Best trial: 0. Best value: 10000:  27%|██▋       | 8/30 [00:25<01:12,  3.29s/it]                                                                                Best trial: 0. Best value: 10000:  27%|██▋       | 8/30 [00:26<01:12,  3.29s/it]Best trial: 0. Best value: 10000:  27%|██▋       | 8/30 [00:26<01:12,  3.29s/it]Best trial: 0. Best value: 10000:  30%|███       | 9/30 [00:26<00:55,  2.66s/it]                                                                                Best trial: 0. Best value: 10000:  30%|███       | 9/30 [00:30<00:55,  2.66s/it]Best trial: 0. Best value: 10000:  30%|███       | 9/30 [00:30<00:55,  2.66s/it]Best trial: 0. Best value: 10000:  33%|███▎      | 10/30 [00:30<00:58,  2.91s/it]                                                                                 Best trial: 0. Best value: 10000:  33%|███▎      | 10/30 [00:34<00:58,  2.91s/it]Best trial: 0. Best value: 10000:  33%|███▎      | 10/30 [00:34<00:58,  2.91s/it]Best trial: 0. Best value: 10000:  37%|███▋      | 11/30 [00:34<01:00,  3.20s/it]                                                                                 Best trial: 0. Best value: 10000:  37%|███▋      | 11/30 [00:37<01:00,  3.20s/it]Best trial: 0. Best value: 10000:  37%|███▋      | 11/30 [00:37<01:00,  3.20s/it]Best trial: 0. Best value: 10000:  40%|████      | 12/30 [00:37<00:57,  3.17s/it]                                                                                 Best trial: 0. Best value: 10000:  40%|████      | 12/30 [00:40<00:57,  3.17s/it]Best trial: 0. Best value: 10000:  40%|████      | 12/30 [00:40<00:57,  3.17s/it]Best trial: 0. Best value: 10000:  43%|████▎     | 13/30 [00:40<00:51,  3.03s/it]                                                                                 Best trial: 0. Best value: 10000:  43%|████▎     | 13/30 [00:43<00:51,  3.03s/it]Best trial: 0. Best value: 10000:  43%|████▎     | 13/30 [00:43<00:51,  3.03s/it]Best trial: 0. Best value: 10000:  47%|████▋     | 14/30 [00:43<00:48,  3.02s/it]                                                                                 Best trial: 0. Best value: 10000:  47%|████▋     | 14/30 [00:45<00:48,  3.02s/it]Best trial: 0. Best value: 10000:  47%|████▋     | 14/30 [00:45<00:48,  3.02s/it]Best trial: 0. Best value: 10000:  50%|█████     | 15/30 [00:45<00:42,  2.83s/it]                                                                                 Best trial: 0. Best value: 10000:  50%|█████     | 15/30 [00:47<00:42,  2.83s/it]Best trial: 0. Best value: 10000:  50%|█████     | 15/30 [00:47<00:42,  2.83s/it]Best trial: 0. Best value: 10000:  53%|█████▎    | 16/30 [00:47<00:34,  2.49s/it]                                                                                 Best trial: 0. Best value: 10000:  53%|█████▎    | 16/30 [00:50<00:34,  2.49s/it]Best trial: 0. Best value: 10000:  53%|█████▎    | 16/30 [00:50<00:34,  2.49s/it]Best trial: 0. Best value: 10000:  57%|█████▋    | 17/30 [00:50<00:34,  2.64s/it]                                                                                 Best trial: 0. Best value: 10000:  57%|█████▋    | 17/30 [00:53<00:34,  2.64s/it]Best trial: 0. Best value: 10000:  57%|█████▋    | 17/30 [00:53<00:34,  2.64s/it]Best trial: 0. Best value: 10000:  60%|██████    | 18/30 [00:53<00:34,  2.89s/it]                                                                                 Best trial: 0. Best value: 10000:  60%|██████    | 18/30 [00:56<00:34,  2.89s/it]Best trial: 0. Best value: 10000:  60%|██████    | 18/30 [00:56<00:34,  2.89s/it]Best trial: 0. Best value: 10000:  63%|██████▎   | 19/30 [00:56<00:32,  2.95s/it]                                                                                 Best trial: 0. Best value: 10000:  63%|██████▎   | 19/30 [00:59<00:32,  2.95s/it]Best trial: 0. Best value: 10000:  63%|██████▎   | 19/30 [00:59<00:32,  2.95s/it]Best trial: 0. Best value: 10000:  67%|██████▋   | 20/30 [00:59<00:30,  3.02s/it]                                                                                 Best trial: 0. Best value: 10000:  67%|██████▋   | 20/30 [01:01<00:30,  3.02s/it]Best trial: 0. Best value: 10000:  67%|██████▋   | 20/30 [01:01<00:30,  3.02s/it]Best trial: 0. Best value: 10000:  70%|███████   | 21/30 [01:01<00:23,  2.64s/it]                                                                                 Best trial: 0. Best value: 10000:  70%|███████   | 21/30 [01:05<00:23,  2.64s/it]Best trial: 0. Best value: 10000:  70%|███████   | 21/30 [01:05<00:23,  2.64s/it]Best trial: 0. Best value: 10000:  73%|███████▎  | 22/30 [01:05<00:23,  2.99s/it]                                                                                 Best trial: 0. Best value: 10000:  73%|███████▎  | 22/30 [01:08<00:23,  2.99s/it]Best trial: 0. Best value: 10000:  73%|███████▎  | 22/30 [01:08<00:23,  2.99s/it]Best trial: 0. Best value: 10000:  77%|███████▋  | 23/30 [01:08<00:20,  3.00s/it]                                                                                 Best trial: 0. Best value: 10000:  77%|███████▋  | 23/30 [01:11<00:20,  3.00s/it]Best trial: 0. Best value: 10000:  77%|███████▋  | 23/30 [01:11<00:20,  3.00s/it]Best trial: 0. Best value: 10000:  80%|████████  | 24/30 [01:11<00:18,  3.13s/it]                                                                                 Best trial: 0. Best value: 10000:  80%|████████  | 24/30 [01:14<00:18,  3.13s/it]Best trial: 0. Best value: 10000:  80%|████████  | 24/30 [01:14<00:18,  3.13s/it]Best trial: 0. Best value: 10000:  83%|████████▎ | 25/30 [01:14<00:15,  3.01s/it]                                                                                 Best trial: 0. Best value: 10000:  83%|████████▎ | 25/30 [01:17<00:15,  3.01s/it]Best trial: 0. Best value: 10000:  83%|████████▎ | 25/30 [01:17<00:15,  3.01s/it]Best trial: 0. Best value: 10000:  87%|████████▋ | 26/30 [01:17<00:12,  3.09s/it]                                                                                 Best trial: 0. Best value: 10000:  87%|████████▋ | 26/30 [01:21<00:12,  3.09s/it]Best trial: 0. Best value: 10000:  87%|████████▋ | 26/30 [01:21<00:12,  3.09s/it]Best trial: 0. Best value: 10000:  90%|█████████ | 27/30 [01:21<00:09,  3.26s/it]                                                                                 Best trial: 0. Best value: 10000:  90%|█████████ | 27/30 [01:24<00:09,  3.26s/it]Best trial: 0. Best value: 10000:  90%|█████████ | 27/30 [01:24<00:09,  3.26s/it]Best trial: 0. Best value: 10000:  93%|█████████▎| 28/30 [01:24<00:06,  3.12s/it]                                                                                 Best trial: 0. Best value: 10000:  93%|█████████▎| 28/30 [01:27<00:06,  3.12s/it]Best trial: 0. Best value: 10000:  93%|█████████▎| 28/30 [01:27<00:06,  3.12s/it]Best trial: 0. Best value: 10000:  97%|█████████▋| 29/30 [01:27<00:03,  3.09s/it]                                                                                 Best trial: 0. Best value: 10000:  97%|█████████▋| 29/30 [01:31<00:03,  3.09s/it]Best trial: 0. Best value: 10000:  97%|█████████▋| 29/30 [01:31<00:03,  3.09s/it]Best trial: 0. Best value: 10000: 100%|██████████| 30/30 [01:31<00:00,  3.37s/it]Best trial: 0. Best value: 10000: 100%|██████████| 30/30 [01:31<00:00,  3.05s/it]
Adaptive Beam PIBT: Starting with beam_width=7
Adaptive Beam PIBT: Initial best = 55 steps
Adaptive Beam PIBT: Improved to 54 steps (iteration 2, 0.64s, beam=8)
Adaptive Beam PIBT: Time limit reached (3.58s)
Adaptive Beam PIBT: Completed 5 iterations, 1 improvements, final cost = 54 steps
[I 2025-10-19 20:44:34,104] Trial 0 finished with value: 10000.0 and parameters: {'beam_width': 7, 'diversity_weight': 0.9507143064099162, 'min_beam_width': 4, 'max_beam_width': 15}. Best is trial 0 with value: 10000.0.
Adaptive Beam PIBT: Starting with beam_width=5
Adaptive Beam PIBT: Initial best = 54 steps
Adaptive Beam PIBT: No improvements, terminating early
Adaptive Beam PIBT: Completed 4 iterations, 0 improvements, final cost = 54 steps
[I 2025-10-19 20:44:36,142] Trial 1 finished with value: 10000.0 and parameters: {'beam_width': 5, 'diversity_weight': 0.15599452033620265, 'min_beam_width': 2, 'max_beam_width': 19}. Best is trial 0 with value: 10000.0.
Adaptive Beam PIBT: Starting with beam_width=10
Adaptive Beam PIBT: Initial best = 54 steps
Adaptive Beam PIBT: No improvements, terminating early
Adaptive Beam PIBT: Completed 4 iterations, 0 improvements, final cost = 54 steps
[I 2025-10-19 20:44:40,227] Trial 2 finished with value: 10000.0 and parameters: {'beam_width': 10, 'diversity_weight': 0.7080725777960455, 'min_beam_width': 2, 'max_beam_width': 20}. Best is trial 0 with value: 10000.0.
Adaptive Beam PIBT: Starting with beam_width=13
Adaptive Beam PIBT: Initial best = 54 steps
Adaptive Beam PIBT: Time limit reached (3.32s)
Adaptive Beam PIBT: Completed 3 iterations, 0 improvements, final cost = 54 steps
[I 2025-10-19 20:44:43,555] Trial 3 finished with value: 10000.0 and parameters: {'beam_width': 13, 'diversity_weight': 0.21233911067827616, 'min_beam_width': 2, 'max_beam_width': 10}. Best is trial 0 with value: 10000.0.
Adaptive Beam PIBT: Starting with beam_width=6
Adaptive Beam PIBT: Initial best = 54 steps
Adaptive Beam PIBT: No improvements, terminating early
Adaptive Beam PIBT: Completed 4 iterations, 0 improvements, final cost = 54 steps
[I 2025-10-19 20:44:45,932] Trial 4 finished with value: 10000.0 and parameters: {'beam_width': 6, 'diversity_weight': 0.5247564316322378, 'min_beam_width': 3, 'max_beam_width': 11}. Best is trial 0 with value: 10000.0.
Adaptive Beam PIBT: Starting with beam_width=10
Adaptive Beam PIBT: Initial best = 55 steps
Adaptive Beam PIBT: Improved to 54 steps (iteration 1, 0.14s, beam=10)
Adaptive Beam PIBT: Time limit reached (3.61s)
Adaptive Beam PIBT: Completed 4 iterations, 1 improvements, final cost = 54 steps
[I 2025-10-19 20:44:49,548] Trial 5 finished with value: 10000.0 and parameters: {'beam_width': 10, 'diversity_weight': 0.13949386065204183, 'min_beam_width': 3, 'max_beam_width': 12}. Best is trial 0 with value: 10000.0.
Adaptive Beam PIBT: Starting with beam_width=8
Adaptive Beam PIBT: Initial best = 55 steps
Adaptive Beam PIBT: Improved to 54 steps (iteration 1, 0.14s, beam=9)
Adaptive Beam PIBT: Time limit reached (3.03s)
Adaptive Beam PIBT: Completed 4 iterations, 1 improvements, final cost = 54 steps
[I 2025-10-19 20:44:52,582] Trial 6 finished with value: 10000.0 and parameters: {'beam_width': 8, 'diversity_weight': 0.7851759613930136, 'min_beam_width': 2, 'max_beam_width': 14}. Best is trial 0 with value: 10000.0.
Adaptive Beam PIBT: Starting with beam_width=10
Adaptive Beam PIBT: Initial best = 55 steps
Adaptive Beam PIBT: Improved to 54 steps (iteration 1, 0.14s, beam=10)
Adaptive Beam PIBT: Time limit reached (3.61s)
Adaptive Beam PIBT: Completed 4 iterations, 1 improvements, final cost = 54 steps
[I 2025-10-19 20:44:56,198] Trial 7 finished with value: 10000.0 and parameters: {'beam_width': 10, 'diversity_weight': 0.046450412719997725, 'min_beam_width': 4, 'max_beam_width': 10}. Best is trial 0 with value: 10000.0.
Adaptive Beam PIBT: Starting with beam_width=3
Adaptive Beam PIBT: Initial best = 54 steps
Adaptive Beam PIBT: No improvements, terminating early
Adaptive Beam PIBT: Completed 4 iterations, 0 improvements, final cost = 54 steps
[I 2025-10-19 20:44:57,465] Trial 8 finished with value: 10000.0 and parameters: {'beam_width': 3, 'diversity_weight': 0.9488855372533332, 'min_beam_width': 5, 'max_beam_width': 18}. Best is trial 0 with value: 10000.0.
Adaptive Beam PIBT: Starting with beam_width=6
Adaptive Beam PIBT: Initial best = 57 steps
Adaptive Beam PIBT: Improved to 54 steps (iteration 1, 0.15s, beam=6)
Adaptive Beam PIBT: Time limit reached (3.46s)
Adaptive Beam PIBT: Completed 6 iterations, 1 improvements, final cost = 54 steps
[I 2025-10-19 20:45:00,930] Trial 9 finished with value: 10000.0 and parameters: {'beam_width': 6, 'diversity_weight': 0.09767211400638387, 'min_beam_width': 4, 'max_beam_width': 13}. Best is trial 0 with value: 10000.0.
Adaptive Beam PIBT: Starting with beam_width=15
Adaptive Beam PIBT: Initial best = 55 steps
Adaptive Beam PIBT: Time limit reached (3.85s)
Adaptive Beam PIBT: Completed 3 iterations, 0 improvements, final cost = 55 steps
[I 2025-10-19 20:45:04,791] Trial 10 finished with value: 10000.0 and parameters: {'beam_width': 15, 'diversity_weight': 0.47332732145466855, 'min_beam_width': 5, 'max_beam_width': 16}. Best is trial 0 with value: 10000.0.
Adaptive Beam PIBT: Starting with beam_width=3
Adaptive Beam PIBT: Initial best = 55 steps
Adaptive Beam PIBT: Improved to 54 steps (iteration 1, 0.11s, beam=4)
Adaptive Beam PIBT: Time limit reached (3.11s)
Adaptive Beam PIBT: Completed 13 iterations, 1 improvements, final cost = 54 steps
[I 2025-10-19 20:45:07,900] Trial 11 finished with value: 10000.0 and parameters: {'beam_width': 3, 'diversity_weight': 0.3476628984909773, 'min_beam_width': 4, 'max_beam_width': 17}. Best is trial 0 with value: 10000.0.
Adaptive Beam PIBT: Starting with beam_width=6
Adaptive Beam PIBT: Initial best = 54 steps
Adaptive Beam PIBT: No improvements, terminating early
Adaptive Beam PIBT: Completed 4 iterations, 0 improvements, final cost = 54 steps
[I 2025-10-19 20:45:10,599] Trial 12 finished with value: 10000.0 and parameters: {'beam_width': 6, 'diversity_weight': 0.9816812130668446, 'min_beam_width': 3, 'max_beam_width': 20}. Best is trial 0 with value: 10000.0.
Adaptive Beam PIBT: Starting with beam_width=8
Adaptive Beam PIBT: Initial best = 55 steps
Adaptive Beam PIBT: Improved to 54 steps (iteration 2, 0.63s, beam=8)
Adaptive Beam PIBT: Time limit reached (3.00s)
Adaptive Beam PIBT: Completed 4 iterations, 1 improvements, final cost = 54 steps
[I 2025-10-19 20:45:13,605] Trial 13 finished with value: 10000.0 and parameters: {'beam_width': 8, 'diversity_weight': 0.2959859505361807, 'min_beam_width': 4, 'max_beam_width': 15}. Best is trial 0 with value: 10000.0.
Adaptive Beam PIBT: Starting with beam_width=5
Adaptive Beam PIBT: Initial best = 54 steps
Adaptive Beam PIBT: No improvements, terminating early
Adaptive Beam PIBT: Completed 4 iterations, 0 improvements, final cost = 54 steps
[I 2025-10-19 20:45:16,001] Trial 14 finished with value: 10000.0 and parameters: {'beam_width': 5, 'diversity_weight': 0.6508233536836867, 'min_beam_width': 3, 'max_beam_width': 18}. Best is trial 0 with value: 10000.0.
Adaptive Beam PIBT: Starting with beam_width=4
Adaptive Beam PIBT: Initial best = 54 steps
Adaptive Beam PIBT: No improvements, terminating early
Adaptive Beam PIBT: Completed 4 iterations, 0 improvements, final cost = 54 steps
[I 2025-10-19 20:45:17,686] Trial 15 finished with value: 10000.0 and parameters: {'beam_width': 4, 'diversity_weight': 0.8350598733833751, 'min_beam_width': 5, 'max_beam_width': 18}. Best is trial 0 with value: 10000.0.
Adaptive Beam PIBT: Starting with beam_width=8
Adaptive Beam PIBT: Initial best = 55 steps
Adaptive Beam PIBT: No improvements, terminating early
Adaptive Beam PIBT: Completed 4 iterations, 0 improvements, final cost = 55 steps
[I 2025-10-19 20:45:20,696] Trial 16 finished with value: 10000.0 and parameters: {'beam_width': 8, 'diversity_weight': 0.4980128338971377, 'min_beam_width': 2, 'max_beam_width': 15}. Best is trial 0 with value: 10000.0.
Adaptive Beam PIBT: Starting with beam_width=7
Adaptive Beam PIBT: Initial best = 55 steps
Adaptive Beam PIBT: Improved to 54 steps (iteration 2, 0.64s, beam=7)
Adaptive Beam PIBT: Time limit reached (3.45s)
Adaptive Beam PIBT: Completed 5 iterations, 1 improvements, final cost = 54 steps
[I 2025-10-19 20:45:24,152] Trial 17 finished with value: 10000.0 and parameters: {'beam_width': 7, 'diversity_weight': 0.34897436112600555, 'min_beam_width': 3, 'max_beam_width': 20}. Best is trial 0 with value: 10000.0.
Adaptive Beam PIBT: Starting with beam_width=5
Adaptive Beam PIBT: Initial best = 57 steps
Adaptive Beam PIBT: Improved to 54 steps (iteration 1, 0.15s, beam=5)
Adaptive Beam PIBT: Time limit reached (3.08s)
Adaptive Beam PIBT: Completed 6 iterations, 1 improvements, final cost = 54 steps
[I 2025-10-19 20:45:27,240] Trial 18 finished with value: 10000.0 and parameters: {'beam_width': 5, 'diversity_weight': 0.6634064286119825, 'min_beam_width': 4, 'max_beam_width': 16}. Best is trial 0 with value: 10000.0.
Adaptive Beam PIBT: Starting with beam_width=12
Adaptive Beam PIBT: Initial best = 56 steps
Adaptive Beam PIBT: Improved to 54 steps (iteration 1, 0.17s, beam=12)
Adaptive Beam PIBT: Time limit reached (3.18s)
Adaptive Beam PIBT: Completed 3 iterations, 1 improvements, final cost = 54 steps
[I 2025-10-19 20:45:30,429] Trial 19 finished with value: 10000.0 and parameters: {'beam_width': 12, 'diversity_weight': 0.013254216942356928, 'min_beam_width': 5, 'max_beam_width': 13}. Best is trial 0 with value: 10000.0.
Adaptive Beam PIBT: Starting with beam_width=4
Adaptive Beam PIBT: Initial best = 54 steps
Adaptive Beam PIBT: No improvements, terminating early
Adaptive Beam PIBT: Completed 4 iterations, 0 improvements, final cost = 54 steps
[I 2025-10-19 20:45:32,168] Trial 20 finished with value: 10000.0 and parameters: {'beam_width': 4, 'diversity_weight': 0.217302333674519, 'min_beam_width': 2, 'max_beam_width': 19}. Best is trial 0 with value: 10000.0.
Adaptive Beam PIBT: Starting with beam_width=10
Adaptive Beam PIBT: Initial best = 54 steps
Adaptive Beam PIBT: No improvements, terminating early
Adaptive Beam PIBT: Completed 4 iterations, 0 improvements, final cost = 54 steps
[I 2025-10-19 20:45:35,977] Trial 21 finished with value: 10000.0 and parameters: {'beam_width': 10, 'diversity_weight': 0.8451728473871052, 'min_beam_width': 2, 'max_beam_width': 8}. Best is trial 0 with value: 10000.0.
Adaptive Beam PIBT: Starting with beam_width=11
Adaptive Beam PIBT: Initial best = 55 steps
Adaptive Beam PIBT: Improved to 54 steps (iteration 1, 0.15s, beam=12)
Adaptive Beam PIBT: Time limit reached (3.01s)
Adaptive Beam PIBT: Completed 3 iterations, 1 improvements, final cost = 54 steps
[I 2025-10-19 20:45:38,991] Trial 22 finished with value: 10000.0 and parameters: {'beam_width': 11, 'diversity_weight': 0.7333071118574559, 'min_beam_width': 2, 'max_beam_width': 20}. Best is trial 0 with value: 10000.0.
Adaptive Beam PIBT: Starting with beam_width=9
Adaptive Beam PIBT: Initial best = 56 steps
Adaptive Beam PIBT: Improved to 54 steps (iteration 1, 0.14s, beam=9)
Adaptive Beam PIBT: Time limit reached (3.43s)
Adaptive Beam PIBT: Completed 4 iterations, 1 improvements, final cost = 54 steps
