[I 2025-10-19 20:45:42,435] Trial 23 finished with value: 10000.0 and parameters: {'beam_width': 9, 'diversity_weight': 0.5995018382569194, 'min_beam_width': 3, 'max_beam_width': 19}. Best is trial 0 with value: 10000.0.
Adaptive Beam PIBT: Starting with beam_width=7
Adaptive Beam PIBT: Initial best = 54 steps
Adaptive Beam PIBT: No improvements, terminating early
Adaptive Beam PIBT: Completed 4 iterations, 0 improvements, final cost = 54 steps
[I 2025-10-19 20:45:45,173] Trial 24 finished with value: 10000.0 and parameters: {'beam_width': 7, 'diversity_weight': 0.9265971615427986, 'min_beam_width': 2, 'max_beam_width': 17}. Best is trial 0 with value: 10000.0.
Adaptive Beam PIBT: Starting with beam_width=13
Adaptive Beam PIBT: Initial best = 54 steps
Adaptive Beam PIBT: Time limit reached (3.25s)
Adaptive Beam PIBT: Completed 3 iterations, 0 improvements, final cost = 54 steps
[I 2025-10-19 20:45:48,428] Trial 25 finished with value: 10000.0 and parameters: {'beam_width': 13, 'diversity_weight': 0.8820374487132505, 'min_beam_width': 3, 'max_beam_width': 19}. Best is trial 0 with value: 10000.0.
Adaptive Beam PIBT: Starting with beam_width=9
Adaptive Beam PIBT: Initial best = 54 steps
Adaptive Beam PIBT: No improvements, terminating early
Adaptive Beam PIBT: Completed 4 iterations, 0 improvements, final cost = 54 steps
[I 2025-10-19 20:45:52,110] Trial 26 finished with value: 10000.0 and parameters: {'beam_width': 9, 'diversity_weight': 0.743939561471954, 'min_beam_width': 4, 'max_beam_width': 16}. Best is trial 0 with value: 10000.0.
Adaptive Beam PIBT: Starting with beam_width=7
Adaptive Beam PIBT: Initial best = 54 steps
Adaptive Beam PIBT: No improvements, terminating early
Adaptive Beam PIBT: Completed 4 iterations, 0 improvements, final cost = 54 steps
[I 2025-10-19 20:45:54,889] Trial 27 finished with value: 10000.0 and parameters: {'beam_width': 7, 'diversity_weight': 0.6274198266149675, 'min_beam_width': 2, 'max_beam_width': 17}. Best is trial 0 with value: 10000.0.
Adaptive Beam PIBT: Starting with beam_width=5
Adaptive Beam PIBT: Initial best = 55 steps
Adaptive Beam PIBT: Improved to 54 steps (iteration 2, 0.64s, beam=5)
Adaptive Beam PIBT: Time limit reached (3.02s)
Adaptive Beam PIBT: Completed 6 iterations, 1 improvements, final cost = 54 steps
[I 2025-10-19 20:45:57,918] Trial 28 finished with value: 10000.0 and parameters: {'beam_width': 5, 'diversity_weight': 0.7228282601371334, 'min_beam_width': 3, 'max_beam_width': 19}. Best is trial 0 with value: 10000.0.
Adaptive Beam PIBT: Starting with beam_width=11
Adaptive Beam PIBT: Initial best = 55 steps
Adaptive Beam PIBT: Improved to 54 steps (iteration 1, 0.14s, beam=11)
Adaptive Beam PIBT: Time limit reached (4.01s)
Adaptive Beam PIBT: Completed 4 iterations, 1 improvements, final cost = 54 steps
[I 2025-10-19 20:46:01,932] Trial 29 finished with value: 10000.0 and parameters: {'beam_width': 11, 'diversity_weight': 0.44013730790527816, 'min_beam_width': 2, 'max_beam_width': 9}. Best is trial 0 with value: 10000.0.

================================================================================
Optimization Results
================================================================================

Best trial: 0
Best timesteps: 10000.0

Best hyperparameters:
  beam_width: 7
  diversity_weight: 0.9507143064099162
  min_beam_width: 4
  max_beam_width: 15

Results saved to: phase8b_optuna_results.json
